Error: 	IndexOutOfBoundException
Class:	MessageSender
Line:	975
		...
		public ArrayList<Object> getVision()
		{
		...
		if(type.equals("GameResourceMobileResponsible"))
			...
			vision.add(pos,grmresp);


9:15:28_: Try to connect and register...
9:15:29_: Peer is created
9:15:29_: Peer is registrated into the network
9:15:29_: 0.0 100.0 0.0 100.0 0.0 0.0 delta:50.0
9:15:29_: Speed: 10.0 Visibility: 5.0 Granularity: 5.0
9:15:40_: Initialize grid of the ground, tile dimension is 5.0, field dimensions are 100.0x100.0
9:15:42_: Created 400 tile
9:15:46_: Home planet position: 0.0 65.0 delta:50.0
9:15:48_: pianeta: -50.0 0.0 15.0 io -50.0 20.0 -5.0
9:15:49_: InitKeys
9:15:52_: Start getVision
9:15:52_: Received message: /GPVISION/ // // /0/ /3
9:15:52_: 	sourceName/ /
9:15:52_: 	sourceSocketAddr/ /
9:15:52_: 	sourcePort/ /0
9:15:52_: gpv.getVision: $$$$$$$$$GameResourceMobileResponsible;9;2f4857f3021e107c6088884e9ea3dfe7a481f62e;Attack1347002129274;jose;4a3487e57d90e2084654b6d23937e75af5c8ee55;1000.0;10.0;60.0;0.0;3.0;10.0;1347002152255;46926e321216fbae73ba38fb2f4dced15384bbc3;149097272d332cdb9485881ab17882ee3cfc6ad5$$$$$$$$$$$$$$
9:15:52_: Array_v (split by \$) [10]: 
9:15:52_: 	
9:15:52_: 	
9:15:52_: 	
9:15:52_: 	
9:15:52_: 	
9:15:52_: 	
9:15:52_: 	
9:15:52_: 	
9:15:52_: 	
9:15:52_: 	GameResourceMobileResponsible;9;2f4857f3021e107c6088884e9ea3dfe7a481f62e;Attack1347002129274;jose;4a3487e57d90e2084654b6d23937e75af5c8ee55;1000.0;10.0;60.0;0.0;3.0;10.0;1347002152255;46926e321216fbae73ba38fb2f4dced15384bbc3;149097272d332cdb9485881ab17882ee3cfc6ad5
9:15:52_: Array_vision (split by \) [1]: 
9:15:52_: 	
9:15:52_: type: 
9:15:52_: ====EXIT DI DEBUG, CLASSE MESSAGESENDER==============================================
9:15:52_: Array_vision (split by \) [1]: 
9:15:52_: 	
9:15:52_: type: 
9:15:52_: ====EXIT DI DEBUG, CLASSE MESSAGESENDER==============================================
9:15:52_: Array_vision (split by \) [1]: 
9:15:52_: 	
9:15:52_: type: 
9:15:52_: ====EXIT DI DEBUG, CLASSE MESSAGESENDER==============================================
9:15:52_: Array_vision (split by \) [1]: 
9:15:52_: 	
9:15:52_: type: 
9:15:52_: ====EXIT DI DEBUG, CLASSE MESSAGESENDER==============================================
9:15:52_: Array_vision (split by \) [1]: 
9:15:52_: 	
9:15:52_: type: 
9:15:52_: ====EXIT DI DEBUG, CLASSE MESSAGESENDER==============================================
9:15:52_: Array_vision (split by \) [1]: 
9:15:52_: 	
9:15:52_: type: 
9:15:52_: ====EXIT DI DEBUG, CLASSE MESSAGESENDER==============================================
9:15:52_: Array_vision (split by \) [1]: 
9:15:52_: 	
9:15:52_: type: 
9:15:52_: ====EXIT DI DEBUG, CLASSE MESSAGESENDER==============================================
9:15:52_: Array_vision (split by \) [1]: 
9:15:52_: 	
9:15:52_: type: 
9:15:52_: ====EXIT DI DEBUG, CLASSE MESSAGESENDER==============================================
9:15:52_: Array_vision (split by \) [1]: 
9:15:52_: 	
9:15:52_: type: 
9:15:52_: ====EXIT DI DEBUG, CLASSE MESSAGESENDER==============================================
9:15:52_: Array_vision (split by \) [15]: 
9:15:52_: 	GameResourceMobileResponsible
9:15:52_: 	9
9:15:52_: 	2f4857f3021e107c6088884e9ea3dfe7a481f62e
9:15:52_: 	Attack1347002129274
9:15:52_: 	jose
9:15:52_: 	4a3487e57d90e2084654b6d23937e75af5c8ee55
9:15:52_: 	1000.0
9:15:52_: 	10.0
9:15:52_: 	60.0
9:15:52_: 	0.0
9:15:52_: 	3.0
9:15:52_: 	10.0
9:15:52_: 	1347002152255
9:15:52_: 	46926e321216fbae73ba38fb2f4dced15384bbc3
9:15:52_: 	149097272d332cdb9485881ab17882ee3cfc6ad5
9:15:52_: ID risorsa: 2f4857f3021e107c6088884e9ea3dfe7a481f62e descrizioneAttack1347002129274 posizione x:10.0 y:60.0 z:0.0
