Error: java.lang.OutOfMemoryError: unable to create new native thread
It was the thread that return current money

set 07, 2012 11:11:28 AM com.jme3.app.Application handleError
Grave: Uncaught exception thrown in Thread[LWJGL Renderer Thread,5,main]
java.lang.OutOfMemoryError: unable to create new native thread
	at java.lang.Thread.start0(Native Method)
	at java.lang.Thread.start(Thread.java:691)
	at it.unipr.ce.dsg.patrol.platform.GameResourceEvolve.<init>(GameResourceEvolve.java:60)
	at it.unipr.ce.dsg.patrol.GUI3D.MessageSender.getMyResourceFromId(MessageSender.java:802)
	at it.unipr.ce.dsg.patrol.GUI3D.RTSGameGUI.getActualMoney(RTSGameGUI.java:997)
	at it.unipr.ce.dsg.patrol.GUI3D.MyScreenController.setTextMoney(MyScreenController.java:215)
	at it.unipr.ce.dsg.patrol.GUI3D.MyScreenController.update(MyScreenController.java:351)
	at com.jme3.app.state.AppStateManager.update(AppStateManager.java:255)
	at com.jme3.app.SimpleApplication.update(SimpleApplication.java:241)
	at com.jme3.system.lwjgl.LwjglAbstractDisplay.runLoop(LwjglAbstractDisplay.java:149)
	at com.jme3.system.lwjgl.LwjglDisplay.runLoop(LwjglDisplay.java:182)
	at com.jme3.system.lwjgl.LwjglAbstractDisplay.run(LwjglAbstractDisplay.java:223)
	at java.lang.Thread.run(Thread.java:722)

set 07, 2012 11:11:28 AM com.jme3.renderer.lwjgl.LwjglRenderer cleanup
Informazioni: Deleting objects and invalidating state
set 07, 2012 11:11:28 AM com.jme3.scene.Node detachChildAt
Informazioni: Gui Node (Node): Child removed.
set 07, 2012 11:11:28 AM com.jme3.scene.Node detachChildAt
Informazioni: Gui Node (Node): Child removed.
set 07, 2012 11:11:28 AM com.jme3.input.lwjgl.LwjglMouseInput destroy
Informazioni: Mouse destroyed.
set 07, 2012 11:11:28 AM com.jme3.input.lwjgl.LwjglKeyInput destroy
Informazioni: Keyboard destroyed.
set 07, 2012 11:11:28 AM com.jme3.system.lwjgl.LwjglAbstractDisplay deinitInThread
Informazioni: Display destroyed.
BUILD STOPPED (total time: 8 minutes 9 seconds)
